#
# There is insufficient memory for the Java Runtime Environment to continue.
# Native memory allocation (malloc) failed to allocate 32744 bytes for ChunkPool::allocate
# Possible reasons:
#   The system is out of physical RAM or swap space
#   The process is running with CompressedOops enabled, and the Java Heap may be blocking the growth of the native heap
# Possible solutions:
#   Reduce memory load on the system
#   Increase physical memory or swap space
#   Check if swap backing store is full
#   Decrease Java heap size (-Xmx/-Xms)
#   Decrease number of Java threads
#   Decrease Java thread stack sizes (-Xss)
#   Set larger code cache with -XX:ReservedCodeCacheSize=
#   JVM is running with Unscaled Compressed Oops mode in which the Java heap is
#     placed in the first 4GB address space. The Java Heap base address is the
#     maximum limit for the native heap growth. Please use -XX:HeapBaseMinAddress
#     to set the Java Heap base and to place the Java Heap above 4GB virtual address.
# This output file may be truncated or incomplete.
#
#  Out of Memory Error (allocation.cpp:272), pid=7396, tid=0x00000000000036f8
#
# JRE version: OpenJDK Runtime Environment (8.0_202-b03) (build 1.8.0_202-release-1483-b03)
# Java VM: OpenJDK 64-Bit Server VM (25.202-b03 mixed mode windows-amd64 compressed oops)
# Failed to write core dump. Minidumps are not enabled by default on client versions of Windows
#

---------------  T H R E A D  ---------------

Current thread (0x00000000169cb000):  JavaThread "C2 CompilerThread0" daemon [_thread_in_native, id=14072, stack(0x0000000018320000,0x0000000018420000)]

Stack: [0x0000000018320000,0x0000000018420000]
[error occurred during error reporting (printing stack bounds), id 0xc0000005]

Native frames: (J=compiled Java code, j=interpreted, Vv=VM code, C=native code)


Current CompileTask:
C2:1020246 17689       4       com.android.tools.r8.code.InstructionFactory::readSequenceFrom (4072 bytes)


---------------  P R O C E S S  ---------------

Java Threads: ( => current thread )
  0x000000001aba9000 JavaThread "ForkJoinPool-5-worker-0" daemon [_thread_in_Java, id=12248, stack(0x0000000029b30000,0x0000000029c30000)]
  0x000000001ab9b800 JavaThread "ForkJoinPool-5-worker-3" daemon [_thread_blocked, id=14860, stack(0x0000000029a30000,0x0000000029b30000)]
  0x000000001aba2000 JavaThread "ForkJoinPool-5-worker-2" daemon [_thread_blocked, id=11176, stack(0x0000000029930000,0x0000000029a30000)]
  0x000000001ab9a800 JavaThread "ForkJoinPool-5-worker-1" daemon [_thread_blocked, id=9156, stack(0x0000000029830000,0x0000000029930000)]
  0x000000001aba1800 JavaThread "WorkerExecutor Queue Thread 4" [_thread_blocked, id=13888, stack(0x0000000029730000,0x0000000029830000)]
  0x000000001ab9d000 JavaThread "WorkerExecutor Queue Thread 3" [_thread_blocked, id=14536, stack(0x0000000029630000,0x0000000029730000)]
  0x000000001ab9a000 JavaThread "WorkerExecutor Queue Thread 2" [_thread_blocked, id=13652, stack(0x0000000029530000,0x0000000029630000)]
  0x000000001aba0000 JavaThread "WorkerExecutor Queue" [_thread_blocked, id=15472, stack(0x0000000029430000,0x0000000029530000)]
  0x000000001ab9c000 JavaThread "Cache worker for Java compile cache (D:\workspace\android\bishe\.gradle\5.4.1\javaCompile)" [_thread_blocked, id=8680, stack(0x0000000029330000,0x0000000029430000)]
  0x000000001ab9d800 JavaThread "Cache worker for execution history cache (D:\workspace\android\bishe\.gradle\5.4.1\executionHistory)" [_thread_blocked, id=13648, stack(0x0000000029230000,0x0000000029330000)]
  0x000000001ab9e800 JavaThread "Execution worker for ':' Thread 3" [_thread_blocked, id=3796, stack(0x0000000029130000,0x0000000029230000)]
  0x000000001aba0800 JavaThread "Execution worker for ':' Thread 2" [_thread_blocked, id=13936, stack(0x0000000029030000,0x0000000029130000)]
  0x000000001adbe800 JavaThread "Execution worker for ':'" [_thread_blocked, id=9152, stack(0x0000000028f30000,0x0000000029030000)]
  0x000000001adbb800 JavaThread "Cache worker for file content cache (D:\workspace\android\bishe\.gradle\5.4.1\fileContent)" [_thread_blocked, id=7148, stack(0x0000000028e30000,0x0000000028f30000)]
  0x000000001adbd800 JavaThread "Cache worker for Build Output Cleanup Cache (D:\workspace\android\bishe\.gradle\buildOutputCleanup)" [_thread_blocked, id=4956, stack(0x0000000028d30000,0x0000000028e30000)]
  0x000000001adc1800 JavaThread "Build operations Thread 4" [_thread_blocked, id=12776, stack(0x0000000028c30000,0x0000000028d30000)]
  0x000000001adc2000 JavaThread "Build operations Thread 3" [_thread_blocked, id=12472, stack(0x0000000028b30000,0x0000000028c30000)]
  0x000000001adbd000 JavaThread "Build operations Thread 2" [_thread_blocked, id=4432, stack(0x0000000028a30000,0x0000000028b30000)]
  0x000000001adbc000 JavaThread "Build operations" [_thread_blocked, id=14696, stack(0x0000000028930000,0x0000000028a30000)]
  0x000000001adbf000 JavaThread "Cache worker for cache directory md-rule (C:\Users\Administrator\.gradle\caches\5.4.1\md-rule)" [_thread_blocked, id=14628, stack(0x0000000028830000,0x0000000028930000)]
  0x000000001adc0800 JavaThread "Cache worker for cache directory md-supplier (C:\Users\Administrator\.gradle\caches\5.4.1\md-supplier)" [_thread_blocked, id=2528, stack(0x0000000028730000,0x0000000028830000)]
  0x000000001adc0000 JavaThread "Cache worker for file hash cache (D:\workspace\android\bishe\.gradle\5.4.1\fileHashes)" [_thread_blocked, id=8784, stack(0x0000000028630000,0x0000000028730000)]
  0x000000001adb4000 JavaThread "Thread-61" [_thread_blocked, id=15924, stack(0x0000000028530000,0x0000000028630000)]
  0x000000001adba800 JavaThread "Stdin handler" [_thread_blocked, id=13852, stack(0x0000000028430000,0x0000000028530000)]
  0x000000001adb9000 JavaThread "Asynchronous log dispatcher for DefaultDaemonConnection: socket connection from /127.0.0.1:53934 to /127.0.0.1:55740" [_thread_blocked, id=10384, stack(0x0000000028330000,0x0000000028430000)]
  0x000000001adb8800 JavaThread "Daemon worker Thread 3" [_thread_blocked, id=6640, stack(0x0000000028230000,0x0000000028330000)]
  0x000000001adba000 JavaThread "Cancel handler" [_thread_blocked, id=14200, stack(0x0000000028130000,0x0000000028230000)]
  0x000000001adb3000 JavaThread "Handler for socket connection from /127.0.0.1:53934 to /127.0.0.1:55740" [_thread_in_native, id=15232, stack(0x0000000028030000,0x0000000028130000)]
  0x000000001adb7800 JavaThread "Daemon Thread 3" [_thread_blocked, id=15636, stack(0x0000000027f30000,0x0000000028030000)]
  0x000000001adb6000 JavaThread "Cache worker for Java compile cache (C:\Users\Administrator\.gradle\caches\5.4.1\javaCompile)" [_thread_blocked, id=13816, stack(0x00000000266e0000,0x00000000267e0000)]
  0x000000001aba6800 JavaThread "Cache worker for file content cache (C:\Users\Administrator\.gradle\caches\5.4.1\fileContent)" [_thread_blocked, id=15696, stack(0x00000000254e0000,0x00000000255e0000)]
  0x000000001a383000 JavaThread "Memory manager" [_thread_blocked, id=15024, stack(0x0000000022ee0000,0x0000000022fe0000)]
  0x000000001a387800 JavaThread "Cache worker for execution history cache (C:\Users\Administrator\.gradle\caches\5.4.1\executionHistory)" [_thread_blocked, id=15616, stack(0x0000000020110000,0x0000000020210000)]
  0x000000001a37c000 JavaThread "Cache worker for journal cache (C:\Users\Administrator\.gradle\caches\journal-1)" [_thread_blocked, id=7412, stack(0x000000001c2a0000,0x000000001c3a0000)]
  0x000000001a37d000 JavaThread "File lock request listener" [_thread_in_native, id=12760, stack(0x000000001c1a0000,0x000000001c2a0000)]
  0x000000001a37d800 JavaThread "Cache worker for file hash cache (C:\Users\Administrator\.gradle\caches\5.4.1\fileHashes)" [_thread_blocked, id=16216, stack(0x000000001bea0000,0x000000001bfa0000)]
  0x0000000019371000 JavaThread "Daemon periodic checks" [_thread_blocked, id=10508, stack(0x000000001b4a0000,0x000000001b5a0000)]
  0x0000000019370800 JavaThread "Incoming local TCP Connector on port 53934" [_thread_in_native, id=14796, stack(0x000000001b2f0000,0x000000001b3f0000)]
  0x000000001936f800 JavaThread "Daemon health stats" [_thread_blocked, id=15496, stack(0x0000000019ff0000,0x000000001a0f0000)]
  0x0000000017d92000 JavaThread "Service Thread" daemon [_thread_blocked, id=5296, stack(0x0000000018620000,0x0000000018720000)]
  0x00000000169d2000 JavaThread "C1 CompilerThread2" daemon [_thread_blocked, id=1492, stack(0x0000000018520000,0x0000000018620000)]
  0x00000000169ce000 JavaThread "C2 CompilerThread1" daemon [_thread_in_native, id=7248, stack(0x0000000018420000,0x0000000018520000)]
=>0x00000000169cb000 JavaThread "C2 CompilerThread0" daemon [_thread_in_native, id=14072, stack(0x0000000018320000,0x0000000018420000)]
  0x00000000169ca800 JavaThread "Attach Listener" daemon [_thread_blocked, id=16088, stack(0x0000000018220000,0x0000000018320000)]
  0x0000000017d30800 JavaThread "Signal Dispatcher" daemon [_thread_blocked, id=6672, stack(0x0000000018120000,0x0000000018220000)]
  0x000000000304a000 JavaThread "Finalizer" daemon [_thread_blocked, id=8692, stack(0x0000000017c20000,0x0000000017d20000)]
  0x0000000003041000 JavaThread "Reference Handler" daemon [_thread_blocked, id=16100, stack(0x0000000017b20000,0x0000000017c20000)]
  0x00000000012be800 JavaThread "main" [_thread_blocked, id=12272, stack(0x0000000002e50000,0x0000000002f50000)]

Other Threads:
  0x0000000016986000 VMThread [stack: 0x0000000017a20000,0x0000000017b20000] [id=14432]
  0x0000000017d93000 WatcherThread [stack: 0x0000000018720000,0x0000000018820000] [id=13708]

VM state:not at safepoint (normal execution)

VM Mutex/Monitor currently owned by a thread: None

heap address: 0x00000000a0000000, size: 1536 MB, Compressed Oops mode: 32-bit
Narrow klass base: 0x0000000000000000, Narrow klass shift: 3
Compressed class space size: 1073741824 Address: 0x0000000100000000

Heap:
 PSYoungGen      total 254464K, used 207201K [0x00000000e0000000, 0x00000000f1180000, 0x0000000100000000)
  eden space 228864K, 90% used [0x00000000e0000000,0x00000000eca58578,0x00000000edf80000)
  from space 25600K, 0% used [0x00000000edf80000,0x00000000edf80000,0x00000000ef880000)
  to   space 23552K, 0% used [0x00000000ef980000,0x00000000ef980000,0x00000000f1080000)
 ParOldGen       total 230400K, used 55078K [0x00000000a0000000, 0x00000000ae100000, 0x00000000e0000000)
  object space 230400K, 23% used [0x00000000a0000000,0x00000000a35c9b98,0x00000000ae100000)
 Metaspace       used 92420K, capacity 96360K, committed 96600K, reserved 1132544K
  class space    used 12052K, capacity 12812K, committed 12928K, reserved 1048576K

Card table byte_map: [0x0000000012410000,0x0000000012720000] byte_map_base: 0x0000000011f10000

Marking Bits: (ParMarkBitMap*) 0x0000000058959f30
 Begin Bits: [0x0000000012d20000, 0x0000000014520000)
 End Bits:   [0x0000000014520000, 0x0000000015d20000)

Polling page: 0x0000000000da0000

CodeCache: size=245760Kb used=48076Kb max_used=48208Kb free=197683Kb
 bounds [0x0000000003050000, 0x0000000005fb0000, 0x0000000012050000]
 total_blobs=15130 nmethods=14238 adapters=803
 compilation: enabled

Compilation events (10 events):
Event: 1020.166 Thread 0x00000000169d2000 17712       3       com.android.tools.r8.code.Format22s::<init> (34 bytes)
Event: 1020.167 Thread 0x00000000169d2000 nmethod 17712 0x00000000042aa250 code [0x00000000042aa3e0, 0x00000000042aa928]
Event: 1020.167 Thread 0x00000000169d2000 17713       3       com.android.tools.r8.code.u1::<init> (7 bytes)
Event: 1020.168 Thread 0x00000000169d2000 nmethod 17713 0x0000000003ccf590 code [0x0000000003ccf760, 0x0000000003ccfe98]
Event: 1020.168 Thread 0x00000000169d2000 17714       3       com.android.tools.r8.code.Format22s::hashCode (28 bytes)
Event: 1020.168 Thread 0x00000000169d2000 nmethod 17714 0x0000000003acd090 code [0x0000000003acd200, 0x0000000003acd4e8]
Event: 1020.218 Thread 0x00000000169d2000 17715       3       com.android.tools.r8.code.d::<init> (7 bytes)
Event: 1020.219 Thread 0x00000000169d2000 nmethod 17715 0x0000000003b6ebd0 code [0x0000000003b6eda0, 0x0000000003b6f4d8]
Event: 1020.231 Thread 0x00000000169d2000 17716       3       com.android.tools.r8.code.q::<init> (7 bytes)
Event: 1020.231 Thread 0x00000000169d2000 nmethod 17716 0x0000000003633110 code [0x00000000036332c0, 0x0000000003633868]

GC Heap History (10 events):
Event: 327.130 GC heap before
{Heap before GC invocations=18 (full 3):
 PSYoungGen      total 226304K, used 226295K [0x00000000e0000000, 0x00000000ef800000, 0x0000000100000000)
  eden space 205824K, 100% used [0x00000000e0000000,0x00000000ec900000,0x00000000ec900000)
  from space 20480K, 99% used [0x00000000ee280000,0x00000000ef67dcf8,0x00000000ef680000)
  to   space 24064K, 0% used [0x00000000ec900000,0x00000000ec900000,0x00000000ee080000)
 ParOldGen       total 130560K, used 35359K [0x00000000a0000000, 0x00000000a7f80000, 0x00000000e0000000)
  object space 130560K, 27% used [0x00000000a0000000,0x00000000a2287d68,0x00000000a7f80000)
 Metaspace       used 76187K, capacity 79314K, committed 79576K, reserved 1118208K
  class space    used 9988K, capacity 10645K, committed 10752K, reserved 1048576K
Event: 327.195 GC heap after
Heap after GC invocations=18 (full 3):
 PSYoungGen      total 229888K, used 7286K [0x00000000e0000000, 0x00000000f1080000, 0x0000000100000000)
  eden space 205824K, 0% used [0x00000000e0000000,0x00000000e0000000,0x00000000ec900000)
  from space 24064K, 30% used [0x00000000ec900000,0x00000000ed01dae8,0x00000000ee080000)
  to   space 23552K, 0% used [0x00000000ef980000,0x00000000ef980000,0x00000000f1080000)
 ParOldGen       total 130560K, used 53693K [0x00000000a0000000, 0x00000000a7f80000, 0x00000000e0000000)
  object space 130560K, 41% used [0x00000000a0000000,0x00000000a346f7d0,0x00000000a7f80000)
 Metaspace       used 76187K, capacity 79314K, committed 79576K, reserved 1118208K
  class space    used 9988K, capacity 10645K, committed 10752K, reserved 1048576K
}
Event: 333.321 GC heap before
{Heap before GC invocations=19 (full 3):
 PSYoungGen      total 229888K, used 213105K [0x00000000e0000000, 0x00000000f1080000, 0x0000000100000000)
  eden space 205824K, 99% used [0x00000000e0000000,0x00000000ec8fea78,0x00000000ec900000)
  from space 24064K, 30% used [0x00000000ec900000,0x00000000ed01dae8,0x00000000ee080000)
  to   space 23552K, 0% used [0x00000000ef980000,0x00000000ef980000,0x00000000f1080000)
 ParOldGen       total 130560K, used 53693K [0x00000000a0000000, 0x00000000a7f80000, 0x00000000e0000000)
  object space 130560K, 41% used [0x00000000a0000000,0x00000000a346f7d0,0x00000000a7f80000)
 Metaspace       used 84904K, capacity 88114K, committed 88280K, reserved 1126400K
  class space    used 11024K, capacity 11685K, committed 11776K, reserved 1048576K
Event: 333.348 GC heap after
Heap after GC invocations=19 (full 3):
 PSYoungGen      total 252416K, used 19031K [0x00000000e0000000, 0x00000000f1180000, 0x0000000100000000)
  eden space 228864K, 0% used [0x00000000e0000000,0x00000000e0000000,0x00000000edf80000)
  from space 23552K, 80% used [0x00000000ef980000,0x00000000f0c15cb8,0x00000000f1080000)
  to   space 25600K, 0% used [0x00000000edf80000,0x00000000edf80000,0x00000000ef880000)
 ParOldGen       total 130560K, used 53701K [0x00000000a0000000, 0x00000000a7f80000, 0x00000000e0000000)
  object space 130560K, 41% used [0x00000000a0000000,0x00000000a34717d0,0x00000000a7f80000)
 Metaspace       used 84904K, capacity 88114K, committed 88280K, reserved 1126400K
  class space    used 11024K, capacity 11685K, committed 11776K, reserved 1048576K
}
Event: 337.995 GC heap before
{Heap before GC invocations=20 (full 3):
 PSYoungGen      total 252416K, used 247889K [0x00000000e0000000, 0x00000000f1180000, 0x0000000100000000)
  eden space 228864K, 99% used [0x00000000e0000000,0x00000000edf7e9b0,0x00000000edf80000)
  from space 23552K, 80% used [0x00000000ef980000,0x00000000f0c15cb8,0x00000000f1080000)
  to   space 25600K, 0% used [0x00000000edf80000,0x00000000edf80000,0x00000000ef880000)
 ParOldGen       total 130560K, used 53701K [0x00000000a0000000, 0x00000000a7f80000, 0x00000000e0000000)
  object space 130560K, 41% used [0x00000000a0000000,0x00000000a34717d0,0x00000000a7f80000)
 Metaspace       used 89884K, capacity 93676K, committed 93912K, reserved 1130496K
  class space    used 11761K, capacity 12508K, committed 12544K, reserved 1048576K
Event: 338.300 GC heap after
Heap after GC invocations=20 (full 3):
 PSYoungGen      total 254464K, used 25599K [0x00000000e0000000, 0x00000000f1180000, 0x0000000100000000)
  eden space 228864K, 0% used [0x00000000e0000000,0x00000000e0000000,0x00000000edf80000)
  from space 25600K, 99% used [0x00000000edf80000,0x00000000ef87fe58,0x00000000ef880000)
  to   space 23552K, 0% used [0x00000000ef980000,0x00000000ef980000,0x00000000f1080000)
 ParOldGen       total 130560K, used 103601K [0x00000000a0000000, 0x00000000a7f80000, 0x00000000e0000000)
  object space 130560K, 79% used [0x00000000a0000000,0x00000000a652c630,0x00000000a7f80000)
 Metaspace       used 89884K, capacity 93676K, committed 93912K, reserved 1130496K
  class space    used 11761K, capacity 12508K, committed 12544K, reserved 1048576K
}
Event: 338.301 GC heap before
{Heap before GC invocations=21 (full 4):
 PSYoungGen      total 254464K, used 25599K [0x00000000e0000000, 0x00000000f1180000, 0x0000000100000000)
  eden space 228864K, 0% used [0x00000000e0000000,0x00000000e0000000,0x00000000edf80000)
  from space 25600K, 99% used [0x00000000edf80000,0x00000000ef87fe58,0x00000000ef880000)
  to   space 23552K, 0% used [0x00000000ef980000,0x00000000ef980000,0x00000000f1080000)
 ParOldGen       total 130560K, used 103601K [0x00000000a0000000, 0x00000000a7f80000, 0x00000000e0000000)
  object space 130560K, 79% used [0x00000000a0000000,0x00000000a652c630,0x00000000a7f80000)
 Metaspace       used 89884K, capacity 93676K, committed 93912K, reserved 1130496K
  class space    used 11761K, capacity 12508K, committed 12544K, reserved 1048576K
Event: 339.350 GC heap after
Heap after GC invocations=21 (full 4):
 PSYoungGen      total 254464K, used 0K [0x00000000e0000000, 0x00000000f1180000, 0x0000000100000000)
  eden space 228864K, 0% used [0x00000000e0000000,0x00000000e0000000,0x00000000edf80000)
  from space 25600K, 0% used [0x00000000edf80000,0x00000000edf80000,0x00000000ef880000)
  to   space 23552K, 0% used [0x00000000ef980000,0x00000000ef980000,0x00000000f1080000)
 ParOldGen       total 130560K, used 118813K [0x00000000a0000000, 0x00000000a7f80000, 0x00000000e0000000)
  object space 130560K, 91% used [0x00000000a0000000,0x00000000a74075a8,0x00000000a7f80000)
 Metaspace       used 89674K, capacity 93114K, committed 93912K, reserved 1130496K
  class space    used 11691K, capacity 12383K, committed 12544K, reserved 1048576K
}
Event: 1017.045 GC heap before
{Heap before GC invocations=22 (full 5):
 PSYoungGen      total 254464K, used 228864K [0x00000000e0000000, 0x00000000f1180000, 0x0000000100000000)
  eden space 228864K, 100% used [0x00000000e0000000,0x00000000edf80000,0x00000000edf80000)
  from space 25600K, 0% used [0x00000000edf80000,0x00000000edf80000,0x00000000ef880000)
  to   space 23552K, 0% used [0x00000000ef980000,0x00000000ef980000,0x00000000f1080000)
 ParOldGen       total 130560K, used 118813K [0x00000000a0000000, 0x00000000a7f80000, 0x00000000e0000000)
  object space 130560K, 91% used [0x00000000a0000000,0x00000000a74075a8,0x00000000a7f80000)
 Metaspace       used 92258K, capacity 96088K, committed 96344K, reserved 1132544K
  class space    used 12050K, capacity 12810K, committed 12928K, reserved 1048576K
Event: 1017.291 GC heap after
Heap after GC invocations=22 (full 5):
 PSYoungGen      total 254464K, used 0K [0x00000000e0000000, 0x00000000f1180000, 0x0000000100000000)
  eden space 228864K, 0% used [0x00000000e0000000,0x00000000e0000000,0x00000000edf80000)
  from space 25600K, 0% used [0x00000000edf80000,0x00000000edf80000,0x00000000ef880000)
  to   space 23552K, 0% used [0x00000000ef980000,0x00000000ef980000,0x00000000f1080000)
 ParOldGen       total 230400K, used 55078K [0x00000000a0000000, 0x00000000ae100000, 0x00000000e0000000)
  object space 230400K, 23% used [0x00000000a0000000,0x00000000a35c9b98,0x00000000ae100000)
 Metaspace       used 92258K, capacity 96088K, committed 96344K, reserved 1132544K
  class space    used 12050K, capacity 12810K, committed 12928K, reserved 1048576K
}

Deoptimization events (10 events):
Event: 1018.871 Thread 0x000000001ab9e800 Uncommon trap: reason=class_check action=maybe_recompile pc=0x0000000005707858 method=com.sun.tools.javac.jvm.ClassWriter.writeJavaAnnotations(Lcom/sun/tools/javac/util/List;)I @ 1
Event: 1018.871 Thread 0x000000001ab9e800 Uncommon trap: reason=class_check action=maybe_recompile pc=0x0000000005707858 method=com.sun.tools.javac.jvm.ClassWriter.writeJavaAnnotations(Lcom/sun/tools/javac/util/List;)I @ 1
Event: 1018.912 Thread 0x000000001ab9e800 Uncommon trap: reason=class_check action=maybe_recompile pc=0x00000000056c8d7c method=com.sun.tools.javac.jvm.ClassWriter.writeJavaAnnotations(Lcom/sun/tools/javac/util/List;)I @ 1
Event: 1018.914 Thread 0x000000001ab9e800 Uncommon trap: reason=class_check action=maybe_recompile pc=0x000000000574a504 method=com.sun.tools.javac.comp.Attr.visitLiteral(Lcom/sun/tools/javac/tree/JCTree$JCLiteral;)V @ 15
Event: 1018.916 Thread 0x000000001ab9e800 Uncommon trap: reason=unstable_if action=reinterpret pc=0x000000000574a554 method=com.sun.tools.javac.comp.Attr.litType(Lcom/sun/tools/javac/code/TypeTag;)Lcom/sun/tools/javac/code/Type; @ 4
Event: 1019.388 Thread 0x000000001ab9e800 Uncommon trap: reason=speculate_class_check action=maybe_recompile pc=0x0000000005cffe18 method=java.nio.charset.CharsetEncoder.reset()Ljava/nio/charset/CharsetEncoder; @ 1
Event: 1019.583 Thread 0x000000001ab9d000 Uncommon trap: reason=array_check action=maybe_recompile pc=0x0000000005e9dab0 method=java.util.ComparableTimSort.binarySort([Ljava/lang/Object;III)V @ 193
Event: 1019.750 Thread 0x000000001ab9d000 Uncommon trap: reason=unstable_if action=reinterpret pc=0x0000000005f70fb0 method=java.nio.Bits.copyToArray(JLjava/lang/Object;JJJ)V @ 19
Event: 1019.823 Thread 0x000000001ab9d000 Uncommon trap: reason=unstable_if action=reinterpret pc=0x00000000050e2338 method=com.android.tools.r8.utils.LebUtils.parseUleb128(Lcom/android/tools/r8/dex/BinaryReader;)I @ 26
Event: 1020.208 Thread 0x000000001aba9000 Uncommon trap: reason=null_check action=make_not_entrant pc=0x0000000005b81128 method=com.android.tools.r8.dex.DexParser.e(I)Lcom/android/tools/r8/graph/DexDebugInfo; @ 11

Classes redefined (0 events):
No events

Internal exceptions (10 events):
Event: 340.519 Thread 0x000000001a381800 Exception <a 'java/lang/NoSuchMethodError': java.lang.Object.newSystemTemporaryDirectory()Lcom/android/tools/build/apkzlib/bytestorage/TemporaryDirectory;> (0x00000000e6456800) thrown at [D:\src\AOSP-openjdk-cygwin\jdk8u\hotspot\src\share\vm\interpreter\l
Event: 340.664 Thread 0x000000001a381800 Exception <a 'java/lang/NoSuchMethodError': java.lang.Object.lambda$static$0(Lcom/android/apksig/util/RunnablesProvider;)V> (0x00000000e6b01038) thrown at [D:\src\AOSP-openjdk-cygwin\jdk8u\hotspot\src\share\vm\interpreter\linkResolver.cpp, line 620]
Event: 341.076 Thread 0x000000001adb3000 Implicit null exception at 0x0000000005d3bd62 to 0x0000000005d3c29d
Event: 341.586 Thread 0x000000001ab9a000 Exception <a 'sun/nio/fs/WindowsException'> (0x00000000eabff3f8) thrown at [D:\src\AOSP-openjdk-cygwin\jdk8u\hotspot\src\share\vm\prims\jni.cpp, line 710]
Event: 1018.865 Thread 0x000000001ab9e800 Implicit null exception at 0x000000000574d216 to 0x000000000574d7f5
Event: 1019.417 Thread 0x000000001ab9a000 Exception <a 'sun/nio/fs/WindowsException'> (0x00000000e67b57f0) thrown at [D:\src\AOSP-openjdk-cygwin\jdk8u\hotspot\src\share\vm\prims\jni.cpp, line 710]
Event: 1019.457 Thread 0x000000001ab9a000 Exception <a 'sun/nio/fs/WindowsException'> (0x00000000e68964e0) thrown at [D:\src\AOSP-openjdk-cygwin\jdk8u\hotspot\src\share\vm\prims\jni.cpp, line 710]
Event: 1019.459 Thread 0x000000001ab9a000 Exception <a 'sun/nio/fs/WindowsException'> (0x00000000e689d0e0) thrown at [D:\src\AOSP-openjdk-cygwin\jdk8u\hotspot\src\share\vm\prims\jni.cpp, line 710]
Event: 1019.461 Thread 0x000000001ab9a000 Exception <a 'sun/nio/fs/WindowsException'> (0x00000000e68a5420) thrown at [D:\src\AOSP-openjdk-cygwin\jdk8u\hotspot\src\share\vm\prims\jni.cpp, line 710]
Event: 1019.752 Thread 0x000000001ab9d000 Exception <a 'sun/nio/fs/WindowsException'> (0x00000000e7574200) thrown at [D:\src\AOSP-openjdk-cygwin\jdk8u\hotspot\src\share\vm\prims\jni.cpp, line 710]

Events (10 events):
Event: 1020.208 Thread 0x000000001aba9000 DEOPT PACKING pc=0x0000000005b81128 sp=0x0000000029c2ee80
Event: 1020.208 Thread 0x000000001aba9000 DEOPT UNPACKING pc=0x000000000309557b sp=0x0000000029c2ee50 mode 2
Event: 1020.213 Thread 0x000000001aba9000 DEOPT PACKING pc=0x0000000005b538b5 sp=0x0000000029c2e6d0
Event: 1020.213 Thread 0x000000001aba9000 DEOPT UNPACKING pc=0x00000000030975d0 sp=0x0000000029c2ebb0 mode 0
Event: 1020.220 Thread 0x000000001aba9000 DEOPT PACKING pc=0x0000000005b538b5 sp=0x0000000029c2e6d0
Event: 1020.220 Thread 0x000000001aba9000 DEOPT UNPACKING pc=0x00000000030975d0 sp=0x0000000029c2ebb0 mode 0
Event: 1020.230 Thread 0x000000001aba9000 DEOPT PACKING pc=0x0000000005b538b5 sp=0x0000000029c2e6d0
Event: 1020.230 Thread 0x000000001aba9000 DEOPT UNPACKING pc=0x00000000030975d0 sp=0x0000000029c2ebb0 mode 0
Event: 1020.243 Thread 0x000000001aba9000 DEOPT PACKING pc=0x0000000005b538b5 sp=0x0000000029c2e6d0
Event: 1020.244 Thread 0x000000001aba9000 DEOPT UNPACKING pc=0x00000000030975d0 sp=0x0000000029c2ebb0 mode 0


Dynamic libraries:
0x00007ff78c030000 - 0x00007ff78c061000 	D:\studyware\Android\Android Studio\jre\bin\java.exe
0x00007ffe8e690000 - 0x00007ffe8e87d000 	C:\Windows\SYSTEM32\ntdll.dll
0x00007ffe8e250000 - 0x00007ffe8e303000 	C:\Windows\System32\KERNEL32.DLL
0x00007ffe8a9a0000 - 0x00007ffe8ac33000 	C:\Windows\System32\KERNELBASE.dll
0x00007ffe8e090000 - 0x00007ffe8e133000 	C:\Windows\System32\ADVAPI32.dll
0x00007ffe8e4a0000 - 0x00007ffe8e53e000 	C:\Windows\System32\msvcrt.dll
0x00007ffe8da50000 - 0x00007ffe8daee000 	C:\Windows\System32\sechost.dll
0x00007ffe8bdd0000 - 0x00007ffe8bef2000 	C:\Windows\System32\RPCRT4.dll
0x00007ffe8d420000 - 0x00007ffe8d5b7000 	C:\Windows\System32\USER32.dll
0x00007ffe8ac70000 - 0x00007ffe8ac90000 	C:\Windows\System32\win32u.dll
0x00007ffe8b920000 - 0x00007ffe8b949000 	C:\Windows\System32\GDI32.dll
0x00007ffe8a800000 - 0x00007ffe8a99a000 	C:\Windows\System32\gdi32full.dll
0x00007ffe8afd0000 - 0x00007ffe8b070000 	C:\Windows\System32\msvcp_win.dll
0x00007ffe8b7c0000 - 0x00007ffe8b8bc000 	C:\Windows\System32\ucrtbase.dll
0x00007ffe7fcf0000 - 0x00007ffe7ff69000 	C:\Windows\WinSxS\amd64_microsoft.windows.common-controls_6595b64144ccf1df_6.0.17763.194_none_05b3366207211c42\COMCTL32.dll
0x00007ffe8db00000 - 0x00007ffe8de2d000 	C:\Windows\System32\combase.dll
0x00007ffe8a760000 - 0x00007ffe8a7de000 	C:\Windows\System32\bcryptPrimitives.dll
0x00007ffe8bf00000 - 0x00007ffe8bf2e000 	C:\Windows\System32\IMM32.DLL
0x0000000055dc0000 - 0x0000000055e92000 	D:\studyware\Android\Android Studio\jre\jre\bin\msvcr100.dll
0x0000000058190000 - 0x00000000589d6000 	D:\studyware\Android\Android Studio\jre\jre\bin\server\jvm.dll
0x00007ffe8e1e0000 - 0x00007ffe8e1e8000 	C:\Windows\System32\PSAPI.DLL
0x00007ffe87440000 - 0x00007ffe87464000 	C:\Windows\SYSTEM32\WINMM.dll
0x00007ffe7f520000 - 0x00007ffe7f529000 	C:\Windows\SYSTEM32\WSOCK32.dll
0x00007ffe8e540000 - 0x00007ffe8e5ad000 	C:\Windows\System32\WS2_32.dll
0x00007ffe87410000 - 0x00007ffe8743d000 	C:\Windows\SYSTEM32\winmmbase.dll
0x00007ffe8af80000 - 0x00007ffe8afca000 	C:\Windows\System32\cfgmgr32.dll
0x00007ffe7a870000 - 0x00007ffe7a87a000 	C:\Windows\SYSTEM32\VERSION.dll
0x00007ffe871c0000 - 0x00007ffe871cf000 	D:\studyware\Android\Android Studio\jre\jre\bin\verify.dll
0x00007ffe87190000 - 0x00007ffe871b9000 	D:\studyware\Android\Android Studio\jre\jre\bin\java.dll
0x00007ffe87170000 - 0x00007ffe87186000 	D:\studyware\Android\Android Studio\jre\jre\bin\zip.dll
0x00007ffe8bf30000 - 0x00007ffe8d41f000 	C:\Windows\System32\SHELL32.dll
0x00007ffe8e5b0000 - 0x00007ffe8e658000 	C:\Windows\System32\shcore.dll
0x00007ffe8b070000 - 0x00007ffe8b7ba000 	C:\Windows\System32\windows.storage.dll
0x00007ffe8a6b0000 - 0x00007ffe8a6d4000 	C:\Windows\System32\profapi.dll
0x00007ffe8a700000 - 0x00007ffe8a75d000 	C:\Windows\System32\powrprof.dll
0x00007ffe8e1f0000 - 0x00007ffe8e242000 	C:\Windows\System32\shlwapi.dll
0x00007ffe8a690000 - 0x00007ffe8a6a1000 	C:\Windows\System32\kernel.appcore.dll
0x00007ffe8a7e0000 - 0x00007ffe8a7f7000 	C:\Windows\System32\cryptsp.dll
0x00007ffe87150000 - 0x00007ffe8716a000 	D:\studyware\Android\Android Studio\jre\jre\bin\net.dll
0x00007ffe89ef0000 - 0x00007ffe89f57000 	C:\Windows\system32\mswsock.dll
0x00007ffe81890000 - 0x00007ffe818a1000 	D:\studyware\Android\Android Studio\jre\jre\bin\nio.dll
0x00007ffe55980000 - 0x00007ffe559a6000 	C:\Users\Administrator\.gradle\native\29\windows-amd64\native-platform.dll
0x00007ffe81880000 - 0x00007ffe8188d000 	D:\studyware\Android\Android Studio\jre\jre\bin\management.dll
0x00007ffe89ab0000 - 0x00007ffe89ae3000 	C:\Windows\system32\rsaenh.dll
0x00007ffe8ac40000 - 0x00007ffe8ac66000 	C:\Windows\System32\bcrypt.dll
0x00007ffe8a5c0000 - 0x00007ffe8a5e8000 	C:\Windows\SYSTEM32\USERENV.dll
0x00007ffe8a0c0000 - 0x00007ffe8a0cc000 	C:\Windows\SYSTEM32\CRYPTBASE.dll
0x00007ffe89c50000 - 0x00007ffe89c8d000 	C:\Windows\SYSTEM32\IPHLPAPI.DLL
0x00007ffe8d8e0000 - 0x00007ffe8d8e8000 	C:\Windows\System32\NSI.dll
0x00007ffe805d0000 - 0x00007ffe805e6000 	C:\Windows\SYSTEM32\dhcpcsvc6.DLL
0x00007ffe80a50000 - 0x00007ffe80a6c000 	C:\Windows\SYSTEM32\dhcpcsvc.DLL
0x00007ffe89c90000 - 0x00007ffe89d56000 	C:\Windows\SYSTEM32\DNSAPI.dll
0x00007ffe55a30000 - 0x00007ffe55a54000 	D:\studyware\Android\Android Studio\jre\jre\bin\sunec.dll
0x0000000058a10000 - 0x0000000058a45000 	C:\Program Files\Bonjour\mdnsNSP.dll
0x00007ffe7cae0000 - 0x00007ffe7caea000 	C:\Windows\System32\rasadhlp.dll
0x00007ffe7c770000 - 0x00007ffe7c7e9000 	C:\Windows\System32\fwpuclnt.dll
0x00007ffe789e0000 - 0x00007ffe789eb000 	D:\studyware\Android\Android Studio\jre\jre\bin\sunmscapi.dll
0x00007ffe8ad40000 - 0x00007ffe8af1b000 	C:\Windows\System32\CRYPT32.dll
0x00007ffe8a6e0000 - 0x00007ffe8a6f2000 	C:\Windows\System32\MSASN1.dll

VM Arguments:
jvm_args: -Xmx1536m -Dfile.encoding=GBK -Duser.country=CN -Duser.language=zh -Duser.variant 
java_command: org.gradle.launcher.daemon.bootstrap.GradleDaemon 5.4.1
java_class_path (initial): C:\Users\Administrator\.gradle\wrapper\dists\gradle-5.4.1-all\3221gyojl5jsh0helicew7rwx\gradle-5.4.1\lib\gradle-launcher-5.4.1.jar
Launcher Type: SUN_STANDARD

Environment Variables:
JAVA_HOME=D:\studyware\JAVA\jdk1.8.0_201
CLASSPATH=.;D:\studyware\JAVA\jdk1.8.0_201\bin;D:\studyware\JAVA\jdk1.8.0_201\lib\dt.jar;D:\studyware\JAVA\jdk1.8.0_201\lib\tools.jar
PATH=D:\studyware\android-sdk\platform-tools;D:\studyware\android-sdk\tools;D:\studyware\android-sdk\platform-tools;D:\studyware\JAVA\jdk1.8.0_201\bin;D:\studyware\JAVA\jdk1.8.0_201\jre\bin;C:\Windows\system32;C:\Windows;C:\Windows\System32\Wbem;C:\Windows\System32\WindowsPowerShell\v1.0\;C:\Windows\System32\OpenSSH\;C:\Program Files (x86)\MySQL\MySQL Fabric 1.5 & MySQL Utilities 1.5\;C:\Program Files (x86)\MySQL\MySQL Fabric 1.5 & MySQL Utilities 1.5\Doctrine extensions for PHP\;D:\studyware\Git\cmd;D:\studyware\MATLAB R2018b\runtime\win64;D:\studyware\MATLAB R2018b\bin;D:\studyware\nodejs\;D:\studyware\neo4j-community-3.5.8-windows\neo4j-community-3.5.8\bin;D:\studyware\Python3\Scripts\;D:\studyware\Python3\;C:\Users\Administrator\AppData\Local\Microsoft\WindowsApps;C:\Users\Administrator\AppData\Roaming\npm;C:\Users\Administrator\AppData\Local\GitHubDesktop\bin
USERNAME=Administrator
OS=Windows_NT
PROCESSOR_IDENTIFIER=Intel64 Family 6 Model 61 Stepping 4, GenuineIntel



---------------  S Y S T E M  ---------------

OS: Windows 10.0 , 64 bit Build 17763 (10.0.17763.1)

CPU:total 4 (initial active 4) (2 cores per cpu, 2 threads per core) family 6 model 61 stepping 4, cmov, cx8, fxsr, mmx, sse, sse2, sse3, ssse3, sse4.1, sse4.2, popcnt, avx, avx2, aes, clmul, erms, 3dnowpref, lzcnt, ht, tsc, tscinvbit, bmi1, bmi2, adx

Memory: 4k page, physical 8280984k(1065860k free), swap 14572440k(2112k free)

vm_info: OpenJDK 64-Bit Server VM (25.202-b03) for windows-amd64 JRE (1.8.0_202-release-1483-b03), built by "builder" with MS VC++ 10.0 (VS2010)

time: Sun Mar 08 20:56:53 2020
timezone: 中国标准时间
elapsed time: 1020 seconds (0d 0h 17m 0s)

